<?xml version="1.0" encoding="UTF-8"?>
<!-- Generated by org.testng.reporters.JUnitReportReporter -->
<testsuite skipped="0" hostname="LAPTOP-6T1UKP4L" name="april14.DemoClass3" tests="5" failures="0" timestamp="14 Apr 2021 10:07:20 GMT" time="0.007" errors="0">
  <testcase name="demo13" time="0.002" classname="april14.DemoClass3"/>
  <testcase name="demo21" time="0.001" classname="april14.DemoClass3"/>
  <testcase name="demo14" time="0.001" classname="april14.DemoClass3"/>
  <testcase name="demo12" time="0.002" classname="april14.DemoClass3"/>
  <testcase name="demo15" time="0.001" classname="april14.DemoClass3"/>
</testsuite> <!-- april14.DemoClass3 -->
