<?xml version="1.0" encoding="UTF-8"?>
<!-- Generated by org.testng.reporters.JUnitReportReporter -->
<testsuite skipped="0" hostname="LAPTOP-6T1UKP4L" name="april14.DemoClass" tests="4" failures="0" timestamp="14 Apr 2021 10:07:20 GMT" time="0.013" errors="0">
  <testcase name="demo2" time="0.003" classname="april14.DemoClass"/>
  <testcase name="demo3" time="0.001" classname="april14.DemoClass"/>
  <testcase name="demo1" time="0.008" classname="april14.DemoClass"/>
  <testcase name="demo" time="0.001" classname="april14.DemoClass"/>
</testsuite> <!-- april14.DemoClass -->
